<?xml version="1.0" encoding="UTF-8"?>
<testsuite name="com.accenture.lkm.test.EmployeeServiceTest" time="1.759" tests="3" errors="0" skipped="0" failures="0">
  <properties>
[...]
</properties>
  <testcase name="testUpdateInvalid" classname="com.accenture.lkm.test.EmployeeServiceTest" time="0.676"/>
  <testcase name="testFindAll" classname="com.accenture.lkm.test.EmployeeServiceTest" time="1.055"/>
  <testcase name="testDeleteInvalid" classname="com.accenture.lkm.test.EmployeeServiceTest" time="0.028"/>
</testsuite>